<?xml version="1.0" encoding="UTF-8"?>
<!-- Generated by org.testng.reporters.JUnitReportReporter -->
<testsuite hostname="Inspiron" failures="0" tests="1" name="pack3.Captureecran" time="11.574" errors="0" timestamp="2022-04-21T18:25:38 EDT" skipped="0">
  <testcase classname="pack3.Captureecran" name="dropdownclick" time="11.574"/>
  <system-out/>
</testsuite> <!-- pack3.Captureecran -->
