<?xml version="1.0" encoding="UTF-8"?>
<!-- Generated by org.testng.reporters.JUnitReportReporter -->
<testsuite hostname="Inspiron" failures="0" tests="1" name="pack2.MySecondTest" time="11.902" errors="0" timestamp="2022-04-07T22:15:23 EDT" skipped="0">
  <testcase classname="pack2.MySecondTest" name="encoreUnAutre" time="11.902"/>
  <system-out/>
</testsuite> <!-- pack2.MySecondTest -->
