<?xml version="1.0" encoding="UTF-8"?>
<!-- Generated by org.testng.reporters.JUnitReportReporter -->
<testsuite hostname="Inspiron" failures="0" tests="1" name="pack3.PratiqueWebDriver" time="5.732" errors="0" timestamp="2022-04-14T21:19:21 EDT" skipped="0">
  <testcase classname="pack3.PratiqueWebDriver" name="TakeScreenshot" time="5.732"/>
  <system-out/>
</testsuite> <!-- pack3.PratiqueWebDriver -->
