<?xml version="1.0" encoding="UTF-8"?>
<!-- Generated by org.testng.reporters.JUnitReportReporter -->
<testsuite hostname="Inspiron" failures="0" tests="2" name="pack2.MyFirsTestNGClass" time="12.974" errors="0" timestamp="2022-04-07T19:26:12 EDT" skipped="0">
  <testcase classname="pack2.MyFirsTestNGClass" name="demo" time="5.335"/>
  <system-out/>
  <testcase classname="pack2.MyFirsTestNGClass" name="demo2" time="7.639"/>
  <system-out/>
</testsuite> <!-- pack2.MyFirsTestNGClass -->
